<?xml version="1.0" encoding="UTF-8" ?>
<testsuite failures="0" time="0.376" errors="0" skipped="0" tests="6" name="com.github.zhangkaitao.shiro.chapter2.AuthenticatorTest">
  <properties>
[...]
</properties>
  <testcase time="0.353" classname="com.github.zhangkaitao.shiro.chapter2.AuthenticatorTest" name="testAllSuccessfulStrategyWithSuccess"/>
  <testcase time="0.003" classname="com.github.zhangkaitao.shiro.chapter2.AuthenticatorTest" name="testAllSuccessfulStrategyWithFail"/>
  <testcase time="0.003" classname="com.github.zhangkaitao.shiro.chapter2.AuthenticatorTest" name="testAtLeastOneSuccessfulStrategyWithSuccess"/>
  <testcase time="0.003" classname="com.github.zhangkaitao.shiro.chapter2.AuthenticatorTest" name="testFirstOneSuccessfulStrategyWithSuccess"/>
  <testcase time="0.011" classname="com.github.zhangkaitao.shiro.chapter2.AuthenticatorTest" name="testAtLeastTwoStrategyWithSuccess"/>
  <testcase time="0.003" classname="com.github.zhangkaitao.shiro.chapter2.AuthenticatorTest" name="testOnlyOneStrategyWithSuccess"/>
</testsuite>